{
  "0 debug pnpm:scope": {
    "selected": 1,
    "workspacePrefix": "/Users/fengzhenwei/github_project_demo/wujie-vite-v2"
  },
  "1 warn pnpm:global": "lifecycle The node binary used for scripts is /usr/local/bin/node but pnpm is using /usr/local/bin/node itself. Use the `--scripts-prepend-node-path` option to include the path for the node binary pnpm was executed with.",
  "2 error pnpm": {
    "code": "ELIFECYCLE",
    "errno": "ENOENT",
    "syscall": "spawn",
    "file": "sh",
    "pkgid": "vite@1.0.0",
    "stage": "start",
    "script": "vite",
    "pkgname": "vite",
    "err": {
      "name": "pnpm",
      "message": "vite@1.0.0 start: `vite`\nspawn ENOENT",
      "code": "ELIFECYCLE",
      "stack": "pnpm: vite@1.0.0 start: `vite`\nspawn ENOENT\n    at ChildProcess.<anonymous> (/usr/local/lib/node_modules/pnpm/dist/pnpm.cjs:95169:22)\n    at ChildProcess.emit (node:events:520:28)\n    at maybeClose (node:internal/child_process:1092:16)\n    at Process.ChildProcess._handle.onexit (node:internal/child_process:302:5)"
    }
  },
  "3 warn pnpm:global": " Local package.json exists, but node_modules missing, did you mean to install?"
}